#
# A fatal error has been detected by the Java Runtime Environment:
#
#  SIGSEGV (0xb) at pc=0x00007f2af9069a7a, pid=13718, tid=0x00007f2af014f700
#
# JRE version: Java(TM) SE Runtime Environment (8.0_144-b01) (build 1.8.0_144-b01)
# Java VM: Java HotSpot(TM) 64-Bit Server VM (25.144-b01 mixed mode linux-amd64 compressed oops)
# Problematic frame:
# v  ~BufferBlob::jni_fast_GetLongField
#
# Failed to write core dump. Core dumps have been disabled. To enable core dumping, try "ulimit -c unlimited" before starting Java again
#
# If you would like to submit a bug report, please visit:
#   http://bugreport.java.com/bugreport/crash.jsp
# The crash happened outside the Java Virtual Machine in native code.
# See problematic frame for where to report the bug.
#

---------------  T H R E A D  ---------------

Current thread (0x00007f2b082bd000):  JavaThread "AWT-XAWT" daemon [_thread_in_native, id=13743, stack(0x00007f2af004f000,0x00007f2af0150000)]

siginfo: si_signo: 11 (SIGSEGV), si_code: 1 (SEGV_MAPERR), si_addr: 0x0000000000000000

Registers:
RAX=0x00007f2b10796060, RBX=0x00007f2b082bd1f8, RCX=0x00007f2b111fe2c0, RDX=0x0000000000000042
RSP=0x00007f2af014e5b8, RBP=0x00007f2af014e5e0, RSI=0x0000000000000000, RDI=0x00007f2b082bd1f8
R8 =0x00000000eda48075, R9 =0x0000000000000000, R10=0x0000000000000050, R11=0x00007f2af94be598
R12=0x00007f2a9000fbd0, R13=0x0000000000000000, R14=0x00007f2af1cfa7e0, R15=0x00007f2b082bd000
RIP=0x00007f2af9069a7a, EFLAGS=0x0000000000010246, CSGSFS=0x0000000000000033, ERR=0x0000000000000004
  TRAPNO=0x000000000000000e

Top of Stack: (sp=0x00007f2af014e5b8)
0x00007f2af014e5b8:   00007f2af1ad8ee1 00007f2af8cbb3d0
0x00007f2af014e5c8:   00007f2a9000fbd0 00007f2af014e690
0x00007f2af014e5d8:   00007f2af014e660 0000000000000000
0x00007f2af014e5e8:   00007f2af159a3c0 00007f2af8cbb3d0
0x00007f2af014e5f8:   00007f2af014e620 0000000000000000
0x00007f2af014e608:   00007f2af1591f93 00007f2af014e690
0x00007f2af014e618:   00007f2af1ad211f 00007f2af014e670
0x00007f2af014e628:   00007f2af94be636 0000000000000000
0x00007f2af014e638:   00007f2af935d8f6 00007f2af014e690
0x00007f2af014e648:   00007f2af912b02c 00007f2af014e6f0
0x00007f2af014e658:   000000076d30a598 000000076d200360
0x00007f2af014e668:   000000076d2446d0 00007f2af014e6f0
0x00007f2af014e678:   00007f2af9007a90 00007f2af014e6f0
0x00007f2af014e688:   00007f2af9007a90 0000000000000000
0x00007f2af014e698:   00007f2af9007dd0 00007f2a98002e20
0x00007f2af014e6a8:   000000076d30a598 00007f2af014e6b0
0x00007f2af014e6b8:   00007f2af8dadfbc 00007f2af014e738
0x00007f2af014e6c8:   00007f2af8db7428 0000000000000000
0x00007f2af014e6d8:   00007f2af8dae0f8 00007f2af014e690
0x00007f2af014e6e8:   00007f2af014e730 00007f2af014e780
0x00007f2af014e6f8:   00007f2af90082bd 0000000000000000
0x00007f2af014e708:   000000076dbf6620 0000000000000000
0x00007f2af014e718:   0000000000000000 0000000000000000
0x00007f2af014e728:   000000076d30a598 0000000000000000
0x00007f2af014e738:   000000076d246298 00007f2af014e740
0x00007f2af014e748:   00007f2af8daddfd 00007f2af014e790
0x00007f2af014e758:   00007f2af8db7428 0000000000000000
0x00007f2af014e768:   00007f2af8dade08 00007f2af014e730
0x00007f2af014e778:   00007f2af014e790 00007f2af014e7d8
0x00007f2af014e788:   00007f2af9008302 000000076d246298
0x00007f2af014e798:   00007f2af014e798 00007f2af882d99b
0x00007f2af014e7a8:   00007f2af014e7e8 00007f2af88b50b8 

Instructions: (pc=0x00007f2af9069a7a)
0x00007f2af9069a5a:   00 00 00 00 00 00 44 8b 15 c1 c0 76 17 4c 8b ce
0x00007f2af9069a6a:   41 f6 c2 01 0f 85 2e 00 00 00 4d 33 ca 4d 33 ca
0x00007f2af9069a7a:   4d 8b 09 4c 8b da 49 c1 eb 02 4b 8b 04 19 49 bb
0x00007f2af9069a8a:   28 5b 7d 10 2b 7f 00 00 4c 33 d8 4c 33 d8 45 3b 

Register to memory mapping:

RAX=0x00007f2b10796060: <offset 0xf8b060> in /usr/lib/jvm/java-8-oracle/jre/lib/amd64/server/libjvm.so at 0x00007f2b0f80b000
RBX=0x00007f2b082bd1f8 is an unknown value
RCX=0x00007f2b111fe2c0: <offset 0x2182c0> in /lib/x86_64-linux-gnu/libpthread.so.0 at 0x00007f2b10fe6000
RDX=0x0000000000000042 is an unknown value
RSP=0x00007f2af014e5b8 is pointing into the stack for thread: 0x00007f2b082bd000
RBP=0x00007f2af014e5e0 is pointing into the stack for thread: 0x00007f2b082bd000
RSI=0x0000000000000000 is an unknown value
RDI=0x00007f2b082bd1f8 is an unknown value
R8 =0x00000000eda48075 is an unknown value
R9 =0x0000000000000000 is an unknown value
R10=0x0000000000000050 is an unknown value
R11=0x00007f2af94be598 is at entry_point+24 in (nmethod*)0x00007f2af94be410
R12=0x00007f2a9000fbd0 is an unknown value
R13=0x0000000000000000 is an unknown value
R14=0x00007f2af1cfa7e0: <offset 0x2587e0> in /usr/lib/jvm/java-8-oracle/jre/lib/amd64/libawt_xawt.so at 0x00007f2af1aa2000
R15=0x00007f2b082bd000 is a thread


Stack: [0x00007f2af004f000,0x00007f2af0150000],  sp=0x00007f2af014e5b8,  free space=1021k
Native frames: (J=compiled Java code, j=interpreted, Vv=VM code, C=native code)
v  ~BufferBlob::jni_fast_GetLongField
C  [libX11.so.6+0x643c0]  _XimServerDestroy+0x70

Java frames: (J=compiled Java code, j=interpreted, Vv=VM code)
J 1495  sun.awt.X11.XlibWrapper.XFilterEvent(JJ)Z (0 bytes) @ 0x00007f2af94be5c4 [0x00007f2af94be580+0x44]
j  sun.awt.X11.XToolkit.run(Z)V+300
j  sun.awt.X11.XToolkit.run()V+5
j  java.lang.Thread.run()V+11
v  ~StubRoutines::call_stub

---------------  P R O C E S S  ---------------

Java Threads: ( => current thread )
  0x00007f2b08009800 JavaThread "DestroyJavaVM" [_thread_blocked, id=13719, stack(0x00007f2b11301000,0x00007f2b11402000)]
  0x00007f2b08430000 JavaThread "Thread-2" [_thread_in_native, id=13749, stack(0x00007f2a87dfe000,0x00007f2a87eff000)]
  0x00007f2b0842e000 JavaThread "server-timer" daemon [_thread_blocked, id=13748, stack(0x00007f2a87eff000,0x00007f2a88000000)]
  0x00007f2b083c9000 JavaThread "TimerQueue" daemon [_thread_blocked, id=13747, stack(0x00007f2a94254000,0x00007f2a94355000)]
  0x00007f2b08305800 JavaThread "AWT-EventQueue-0" [_thread_blocked, id=13745, stack(0x00007f2a97eff000,0x00007f2a98000000)]
  0x00007f2b08304000 JavaThread "AWT-Shutdown" [_thread_blocked, id=13744, stack(0x00007f2acc049000,0x00007f2acc14a000)]
=>0x00007f2b082bd000 JavaThread "AWT-XAWT" daemon [_thread_in_native, id=13743, stack(0x00007f2af004f000,0x00007f2af0150000)]
  0x00007f2b0829e800 JavaThread "Java2D Disposer" daemon [_thread_blocked, id=13742, stack(0x00007f2af035a000,0x00007f2af045b000)]
  0x00007f2b080d3800 JavaThread "Service Thread" daemon [_thread_blocked, id=13740, stack(0x00007f2af20ea000,0x00007f2af21eb000)]
  0x00007f2b080c8800 JavaThread "C1 CompilerThread3" daemon [_thread_blocked, id=13739, stack(0x00007f2af21eb000,0x00007f2af22ec000)]
  0x00007f2b080c6800 JavaThread "C2 CompilerThread2" daemon [_thread_blocked, id=13738, stack(0x00007f2af22ec000,0x00007f2af23ed000)]
  0x00007f2b080c4800 JavaThread "C2 CompilerThread1" daemon [_thread_blocked, id=13737, stack(0x00007f2af23ed000,0x00007f2af24ee000)]
  0x00007f2b080c1800 JavaThread "C2 CompilerThread0" daemon [_thread_blocked, id=13736, stack(0x00007f2af24ee000,0x00007f2af25ef000)]
  0x00007f2b080c0000 JavaThread "Signal Dispatcher" daemon [_thread_in_vm, id=13735, stack(0x00007f2af25ef000,0x00007f2af26f0000)]
  0x00007f2b0808c000 JavaThread "Finalizer" daemon [_thread_blocked, id=13734, stack(0x00007f2af29c9000,0x00007f2af2aca000)]
  0x00007f2b08087800 JavaThread "Reference Handler" daemon [_thread_blocked, id=13733, stack(0x00007f2af2aca000,0x00007f2af2bcb000)]

Other Threads:
  0x00007f2b0807f800 VMThread [stack: 0x00007f2af2bcb000,0x00007f2af2ccc000] [id=13732]
  0x00007f2b080d6800 WatcherThread [stack: 0x00007f2af1fe9000,0x00007f2af20ea000] [id=13741]

VM state:not at safepoint (normal execution)

VM Mutex/Monitor currently owned by a thread:  ([mutex/lock_event])
[0x00007f2b08005f10] Threads_lock - owner thread: 0x00007f2b080c0000

Heap:
 PSYoungGen      total 74752K, used 34657K [0x000000076ce00000, 0x0000000772100000, 0x00000007c0000000)
  eden space 64512K, 53% used [0x000000076ce00000,0x000000076efd8670,0x0000000770d00000)
  from space 10240K, 0% used [0x0000000771700000,0x0000000771700000,0x0000000772100000)
  to   space 10240K, 0% used [0x0000000770d00000,0x0000000770d00000,0x0000000771700000)
 ParOldGen       total 171008K, used 0K [0x00000006c6a00000, 0x00000006d1100000, 0x000000076ce00000)
  object space 171008K, 0% used [0x00000006c6a00000,0x00000006c6a00000,0x00000006d1100000)
 Metaspace       used 16451K, capacity 16684K, committed 16896K, reserved 1064960K
  class space    used 1951K, capacity 2039K, committed 2048K, reserved 1048576K

Card table byte_map: [0x00007f2b0d8d8000,0x00007f2b0e0a4000] byte_map_base: 0x00007f2b0a2a3000

Marking Bits: (ParMarkBitMap*) 0x00007f2b107d4dc0
 Begin Bits: [0x00007f2acc350000, 0x00007f2ad01a8000)
 End Bits:   [0x00007f2ad01a8000, 0x00007f2ad4000000)

Polling page: 0x00007f2b11425000

CodeCache: size=245760Kb used=5582Kb max_used=5582Kb free=240177Kb
 bounds [0x00007f2af9000000, 0x00007f2af9580000, 0x00007f2b08000000]
 total_blobs=2316 nmethods=1739 adapters=489
 compilation: enabled

Compilation events (10 events):
Event: 1918,422 Thread 0x00007f2b080c8800 1735       3       sun.awt.X11.MotifDnDDropTargetProtocol::getMessageType (98 bytes)
Event: 1918,423 Thread 0x00007f2b080c8800 nmethod 1735 0x00007f2af95705d0 code [0x00007f2af95707c0, 0x00007f2af9570f98]
Event: 1990,491 Thread 0x00007f2b080c8800 1736       3       java.util.Collections$SynchronizedCollection::iterator (10 bytes)
Event: 1990,491 Thread 0x00007f2b080c8800 nmethod 1736 0x00007f2af9570190 code [0x00007f2af9570300, 0x00007f2af9570528]
Event: 2064,186 Thread 0x00007f2b080c4800 1737       4       java.util.ArrayList$Itr::next (66 bytes)
Event: 2064,187 Thread 0x00007f2b080c4800 nmethod 1737 0x00007f2af956fd90 code [0x00007f2af956fee0, 0x00007f2af9570018]
Event: 2071,826 Thread 0x00007f2b080c4800 1738   !   4       sun.awt.X11.XToolkit::windowToXWindow (27 bytes)
Event: 2071,831 Thread 0x00007f2b080c4800 nmethod 1738 0x00007f2af9573590 code [0x00007f2af9573720, 0x00007f2af9573ca8]
Event: 2352,608 Thread 0x00007f2b080c8800 1740       3       sun.awt.X11.XMSelection::processClientMessage (117 bytes)
Event: 2352,611 Thread 0x00007f2b080c8800 nmethod 1740 0x00007f2af9577190 code [0x00007f2af95775e0, 0x00007f2af9579a48]

GC Heap History (0 events):
No events

Deoptimization events (10 events):
Event: 26,931 Thread 0x00007f2b08305800 Uncommon trap: reason=bimorphic action=maybe_recompile pc=0x00007f2af9322a70 method=java.util.HashMap.putVal(ILjava/lang/Object;Ljava/lang/Object;ZZ)Ljava/lang/Object; @ 253
Event: 26,932 Thread 0x00007f2b08305800 Uncommon trap: reason=bimorphic action=maybe_recompile pc=0x00007f2af9322a70 method=java.util.HashMap.putVal(ILjava/lang/Object;Ljava/lang/Object;ZZ)Ljava/lang/Object; @ 253
Event: 26,934 Thread 0x00007f2b08305800 Uncommon trap: reason=bimorphic action=maybe_recompile pc=0x00007f2af9322a70 method=java.util.HashMap.putVal(ILjava/lang/Object;Ljava/lang/Object;ZZ)Ljava/lang/Object; @ 253
Event: 26,935 Thread 0x00007f2b08305800 Uncommon trap: reason=bimorphic action=maybe_recompile pc=0x00007f2af9322a70 method=java.util.HashMap.putVal(ILjava/lang/Object;Ljava/lang/Object;ZZ)Ljava/lang/Object; @ 253
Event: 29,539 Thread 0x00007f2b08305800 Uncommon trap: reason=unstable_if action=reinterpret pc=0x00007f2af926d68c method=java.util.HashMap.getNode(ILjava/lang/Object;)Ljava/util/HashMap$Node; @ 62
Event: 29,539 Thread 0x00007f2b08305800 Uncommon trap: reason=unstable_if action=reinterpret pc=0x00007f2af924b784 method=java.util.HashMap.getNode(ILjava/lang/Object;)Ljava/util/HashMap$Node; @ 62
Event: 29,539 Thread 0x00007f2b08305800 Uncommon trap: reason=unstable_if action=reinterpret pc=0x00007f2af932c364 method=java.util.HashMap.putVal(ILjava/lang/Object;Ljava/lang/Object;ZZ)Ljava/lang/Object; @ 94
Event: 29,539 Thread 0x00007f2b08305800 Uncommon trap: reason=unstable_if action=reinterpret pc=0x00007f2af9439e98 method=java.util.HashMap.putVal(ILjava/lang/Object;Ljava/lang/Object;ZZ)Ljava/lang/Object; @ 94
Event: 29,540 Thread 0x00007f2b08305800 Uncommon trap: reason=class_check action=maybe_recompile pc=0x00007f2af918045c method=java.lang.String.equals(Ljava/lang/Object;)Z @ 8
Event: 29,540 Thread 0x00007f2b08305800 Uncommon trap: reason=class_check action=maybe_recompile pc=0x00007f2af918045c method=java.lang.String.equals(Ljava/lang/Object;)Z @ 8

Internal exceptions (10 events):
Event: 0,127 Thread 0x00007f2b08009800 Exception <a 'java/io/FileNotFoundException'> (0x000000076d1e0c50) thrown at [/HUDSON3/workspace/8-2-build-linux-amd64/jdk8u144/9417/hotspot/src/share/vm/prims/jni.cpp, line 709]
Event: 0,127 Thread 0x00007f2b08009800 Exception <a 'java/io/FileNotFoundException'> (0x000000076d1e1608) thrown at [/HUDSON3/workspace/8-2-build-linux-amd64/jdk8u144/9417/hotspot/src/share/vm/prims/jni.cpp, line 709]
Event: 0,450 Thread 0x00007f2b08009800 Exception <a 'java/net/BindException'> (0x000000076ddb37c0) thrown at [/HUDSON3/workspace/8-2-build-linux-amd64/jdk8u144/9417/hotspot/src/share/vm/prims/jni.cpp, line 709]
Event: 0,451 Thread 0x00007f2b08009800 Exception <a 'java/net/BindException'> (0x000000076ddb3d08) thrown at [/HUDSON3/workspace/8-2-build-linux-amd64/jdk8u144/9417/hotspot/src/share/vm/prims/jni.cpp, line 709]
Event: 0,451 Thread 0x00007f2b08009800 Exception <a 'java/net/BindException'> (0x000000076ddb4250) thrown at [/HUDSON3/workspace/8-2-build-linux-amd64/jdk8u144/9417/hotspot/src/share/vm/prims/jni.cpp, line 709]
Event: 0,451 Thread 0x00007f2b08009800 Exception <a 'java/net/BindException'> (0x000000076ddb4798) thrown at [/HUDSON3/workspace/8-2-build-linux-amd64/jdk8u144/9417/hotspot/src/share/vm/prims/jni.cpp, line 709]
Event: 0,451 Thread 0x00007f2b08009800 Exception <a 'java/net/BindException'> (0x000000076ddb4ce0) thrown at [/HUDSON3/workspace/8-2-build-linux-amd64/jdk8u144/9417/hotspot/src/share/vm/prims/jni.cpp, line 709]
Event: 0,451 Thread 0x00007f2b08009800 Exception <a 'java/net/BindException'> (0x000000076ddb5228) thrown at [/HUDSON3/workspace/8-2-build-linux-amd64/jdk8u144/9417/hotspot/src/share/vm/prims/jni.cpp, line 709]
Event: 0,516 Thread 0x00007f2b08009800 Exception <a 'java/lang/NoClassDefFoundError': busca/Busca> (0x000000076e0ca6e0) thrown at [/HUDSON3/workspace/8-2-build-linux-amd64/jdk8u144/9417/hotspot/src/share/vm/classfile/systemDictionary.cpp, line 199]
Event: 0,601 Thread 0x00007f2b08305800 Exception <a 'java/lang/UnsupportedOperationException': > (0x000000076e7625a0) thrown at [/HUDSON3/workspace/8-2-build-linux-amd64/jdk8u144/9417/hotspot/src/share/vm/prims/jni.cpp, line 735]

Events (10 events):
Event: 1715,449 loading class java/util/WeakHashMap$HashIterator done
Event: 1715,449 loading class java/util/WeakHashMap$KeyIterator done
Event: 1715,449 loading class sun/awt/X11/XWindowPeer$1
Event: 1715,449 loading class sun/awt/X11/XWindowPeer$1 done
Event: 1715,449 loading class javax/swing/RepaintManager$DisplayChangedRunnable
Event: 1715,449 loading class javax/swing/RepaintManager$DisplayChangedRunnable done
Event: 1717,248 loading class sun/awt/X11/XAWTXSettings$1
Event: 1717,248 loading class sun/awt/X11/XAWTXSettings$1 done
Event: 2478,965 loading class sun/misc/Signal$1
Event: 2478,965 loading class sun/misc/Signal$1 done


Dynamic libraries:
00400000-00401000 r-xp 00000000 08:05 2513849                            /usr/lib/jvm/java-8-oracle/jre/bin/java
00600000-00601000 rw-p 00000000 08:05 2513849                            /usr/lib/jvm/java-8-oracle/jre/bin/java
00964000-00985000 rw-p 00000000 00:00 0                                  [heap]
6c6a00000-6d1100000 rw-p 00000000 00:00 0 
6d1100000-76ce00000 ---p 00000000 00:00 0 
76ce00000-772100000 rw-p 00000000 00:00 0 
772100000-7c0000000 ---p 00000000 00:00 0 
7c0000000-7c0200000 rw-p 00000000 00:00 0 
7c0200000-800000000 ---p 00000000 00:00 0 
7f2a78000000-7f2a78021000 rw-p 00000000 00:00 0 
7f2a78021000-7f2a7c000000 ---p 00000000 00:00 0 
7f2a80000000-7f2a80021000 rw-p 00000000 00:00 0 
7f2a80021000-7f2a84000000 ---p 00000000 00:00 0 
7f2a87951000-7f2a879d1000 rw-p 00000000 00:00 0 
7f2a879d1000-7f2a87b51000 ---p 00000000 00:00 0 
7f2a87b51000-7f2a87b5a000 r--s 00000000 08:05 265600                     /usr/share/fonts/type1/gsfonts/s050000l.pfb
7f2a87b5a000-7f2a87b6f000 r--s 00000000 08:05 265519                     /usr/share/fonts/type1/gsfonts/b018032l.pfb
7f2a87b6f000-7f2a87b82000 r--s 00000000 08:05 265561                     /usr/share/fonts/type1/gsfonts/n019064l.pfb
7f2a87b82000-7f2a87b94000 r--s 00000000 08:05 265543                     /usr/share/fonts/type1/gsfonts/n019004l.pfb
7f2a87b94000-7f2a87baf000 r--s 00000000 08:05 265591                     /usr/share/fonts/type1/gsfonts/p052004l.pfb
7f2a87baf000-7f2a87bc8000 r--s 00000000 08:05 265564                     /usr/share/fonts/type1/gsfonts/n021003l.pfb
7f2a87bc8000-7f2a87be0000 r--s 00000000 08:05 265531                     /usr/share/fonts/type1/gsfonts/c059033l.pfb
7f2a87be0000-7f2a87bf9000 r--s 00000000 08:05 265567                     /usr/share/fonts/type1/gsfonts/n021004l.pfb
7f2a87bf9000-7f2a87c14000 r--s 00000000 08:05 265594                     /usr/share/fonts/type1/gsfonts/p052023l.pfb
7f2a87c14000-7f2a87c2d000 r--s 00000000 08:05 265579                     /usr/share/fonts/type1/gsfonts/n022004l.pfb
7f2a87c2d000-7f2a87c44000 r--s 00000000 08:05 265603                     /usr/share/fonts/type1/gsfonts/z003034l.pfb
7f2a87c44000-7f2a87c4d000 r--s 00000000 08:05 264805                     /usr/share/fonts/X11/Type1/c0649bt_.pfb
7f2a87c4d000-7f2a87c63000 r--s 00000000 08:05 265573                     /usr/share/fonts/type1/gsfonts/n021024l.pfb
7f2a87c63000-7f2a87c75000 r--s 00000000 08:05 265555                     /usr/share/fonts/type1/gsfonts/n019044l.pfb
7f2a87c75000-7f2a87c8b000 r--s 00000000 08:05 265582                     /usr/share/fonts/type1/gsfonts/n022023l.pfb
7f2a87c8b000-7f2a87ca7000 r--s 00000000 08:05 265597                     /usr/share/fonts/type1/gsfonts/p052024l.pfb
7f2a87ca7000-7f2a87cc2000 r--s 00000000 08:05 265528                     /usr/share/fonts/type1/gsfonts/c059016l.pfb
7f2a87cc2000-7f2a87cd4000 r--s 00000000 08:05 265522                     /usr/share/fonts/type1/gsfonts/b018035l.pfb
7f2a87cd4000-7f2a87ce4000 r--s 00000000 08:05 265507                     /usr/share/fonts/type1/gsfonts/a010033l.pfb
7f2a87ce4000-7f2a87ced000 r--s 00000000 08:05 264801                     /usr/share/fonts/X11/Type1/c0633bt_.pfb
7f2a87ced000-7f2a87cfe000 r--s 00000000 08:05 265546                     /usr/share/fonts/type1/gsfonts/n019023l.pfb
7f2a87cfe000-7f2a87d16000 r--s 00000000 08:05 265576                     /usr/share/fonts/type1/gsfonts/n022003l.pfb
7f2a87d16000-7f2a87d27000 r--s 00000000 08:05 265510                     /usr/share/fonts/type1/gsfonts/a010035l.pfb
7f2a87d27000-7f2a87d38000 r--s 00000000 08:05 265549                     /usr/share/fonts/type1/gsfonts/n019024l.pfb
7f2a87d38000-7f2a87d42000 r--s 00000000 08:05 264793                     /usr/share/fonts/X11/Type1/c0582bt_.pfb
7f2a87d42000-7f2a87d4c000 r--s 00000000 08:05 264797                     /usr/share/fonts/X11/Type1/c0611bt_.pfb
7f2a87d4c000-7f2a87d5d000 r--s 00000000 08:05 265558                     /usr/share/fonts/type1/gsfonts/n019063l.pfb
7f2a87d5d000-7f2a87d66000 r--s 00000000 08:05 264803                     /usr/share/fonts/X11/Type1/c0648bt_.pfb
7f2a87d66000-7f2a87d7f000 r--s 00000000 08:05 265513                     /usr/share/fonts/type1/gsfonts/b018012l.pfb
7f2a87d7f000-7f2a87d8b000 r--s 00000000 08:05 265537                     /usr/share/fonts/type1/gsfonts/d050000l.pfb
7f2a87d8b000-7f2a87da1000 r--s 00000000 08:05 265585                     /usr/share/fonts/type1/gsfonts/n022024l.pfb
7f2a87da1000-7f2a87db1000 r--s 00000000 08:05 265504                     /usr/share/fonts/type1/gsfonts/a010015l.pfb
7f2a87db1000-7f2a87dc9000 r--s 00000000 08:05 265534                     /usr/share/fonts/type1/gsfonts/c059036l.pfb
7f2a87dc9000-7f2a87de4000 r--s 00000000 08:05 265588                     /usr/share/fonts/type1/gsfonts/p052003l.pfb
7f2a87de4000-7f2a87dfe000 r--s 00000000 08:05 265525                     /usr/share/fonts/type1/gsfonts/c059013l.pfb
7f2a87dfe000-7f2a87e01000 ---p 00000000 00:00 0 
7f2a87e01000-7f2a87eff000 rw-p 00000000 00:00 0 
7f2a87eff000-7f2a87f02000 ---p 00000000 00:00 0 
7f2a87f02000-7f2a88000000 rw-p 00000000 00:00 0 
7f2a88000000-7f2a88021000 rw-p 00000000 00:00 0 
7f2a88021000-7f2a8c000000 ---p 00000000 00:00 0 
7f2a8c000000-7f2a8c021000 rw-p 00000000 00:00 0 
7f2a8c021000-7f2a90000000 ---p 00000000 00:00 0 
7f2a90000000-7f2a902f1000 rw-p 00000000 00:00 0 
7f2a902f1000-7f2a94000000 ---p 00000000 00:00 0 
7f2a94007000-7f2a94011000 r--s 00000000 08:05 264791                     /usr/share/fonts/X11/Type1/c0419bt_.pfb
7f2a94011000-7f2a94023000 r--s 00000000 08:05 265552                     /usr/share/fonts/type1/gsfonts/n019043l.pfb
7f2a94023000-7f2a9402d000 r--s 00000000 08:05 264795                     /usr/share/fonts/X11/Type1/c0583bt_.pfb
7f2a9402d000-7f2a94041000 r--s 00000000 08:05 265540                     /usr/share/fonts/type1/gsfonts/n019003l.pfb
7f2a94041000-7f2a94054000 r--s 00000000 08:05 265516                     /usr/share/fonts/type1/gsfonts/b018015l.pfb
7f2a94054000-7f2a94254000 rw-p 00000000 00:00 0 
7f2a94254000-7f2a94257000 ---p 00000000 00:00 0 
7f2a94257000-7f2a94555000 rw-p 00000000 00:00 0 
7f2a94555000-7f2a945be000 r-xp 00000000 08:05 2516877                    /usr/lib/jvm/java-8-oracle/jre/lib/amd64/libt2k.so
7f2a945be000-7f2a947be000 ---p 00069000 08:05 2516877                    /usr/lib/jvm/java-8-oracle/jre/lib/amd64/libt2k.so
7f2a947be000-7f2a947c5000 rw-p 00069000 08:05 2516877                    /usr/lib/jvm/java-8-oracle/jre/lib/amd64/libt2k.so
7f2a947c5000-7f2a947d5000 rw-p 00000000 00:00 0 
7f2a947d5000-7f2a947e6000 r-xp 00000000 08:05 2516851                    /usr/lib/jvm/java-8-oracle/jre/lib/amd64/libnio.so
7f2a947e6000-7f2a949e5000 ---p 00011000 08:05 2516851                    /usr/lib/jvm/java-8-oracle/jre/lib/amd64/libnio.so
7f2a949e5000-7f2a949e6000 rw-p 00010000 08:05 2516851                    /usr/lib/jvm/java-8-oracle/jre/lib/amd64/libnio.so
7f2a949e6000-7f2a979e7000 rw-p 00000000 00:00 0 
7f2a979e7000-7f2a979fd000 r-xp 00000000 08:05 2515473                    /usr/lib/jvm/java-8-oracle/jre/lib/amd64/libnet.so
7f2a979fd000-7f2a97bfd000 ---p 00016000 08:05 2515473                    /usr/lib/jvm/java-8-oracle/jre/lib/amd64/libnet.so
7f2a97bfd000-7f2a97bfe000 rw-p 00016000 08:05 2515473                    /usr/lib/jvm/java-8-oracle/jre/lib/amd64/libnet.so
7f2a97bfe000-7f2a97dfe000 rw-p 00000000 00:00 0 
7f2a97dfe000-7f2a97e01000 ---p 00000000 00:00 0 
7f2a97e01000-7f2a97eff000 rw-p 00000000 00:00 0 
7f2a97eff000-7f2a97f02000 ---p 00000000 00:00 0 
7f2a97f02000-7f2a98000000 rw-p 00000000 00:00 0 
7f2a98000000-7f2a9802f000 rw-p 00000000 00:00 0 
7f2a9802f000-7f2a9c000000 ---p 00000000 00:00 0 
7f2a9c000000-7f2a9c021000 rw-p 00000000 00:00 0 
7f2a9c021000-7f2aa0000000 ---p 00000000 00:00 0 
7f2aa0000000-7f2aa0021000 rw-p 00000000 00:00 0 
7f2aa0021000-7f2aa4000000 ---p 00000000 00:00 0 
7f2aa4000000-7f2aa4021000 rw-p 00000000 00:00 0 
7f2aa4021000-7f2aa8000000 ---p 00000000 00:00 0 
7f2aa8000000-7f2aa87a9000 rw-p 00000000 00:00 0 
7f2aa87a9000-7f2aac000000 ---p 00000000 00:00 0 
7f2aac000000-7f2aac021000 rw-p 00000000 00:00 0 
7f2aac021000-7f2ab0000000 ---p 00000000 00:00 0 
7f2ab0000000-7f2ab00b6000 rw-p 00000000 00:00 0 
7f2ab00b6000-7f2ab4000000 ---p 00000000 00:00 0 
7f2ab4000000-7f2ab4169000 rw-p 00000000 00:00 0 
7f2ab4169000-7f2ab8000000 ---p 00000000 00:00 0 
7f2ab8000000-7f2ab8021000 rw-p 00000000 00:00 0 
7f2ab8021000-7f2abc000000 ---p 00000000 00:00 0 
7f2abc000000-7f2abc125000 rw-p 00000000 00:00 0 
7f2abc125000-7f2ac0000000 ---p 00000000 00:00 0 
7f2ac0000000-7f2ac0021000 rw-p 00000000 00:00 0 
7f2ac0021000-7f2ac4000000 ---p 00000000 00:00 0 
7f2ac4000000-7f2ac4021000 rw-p 00000000 00:00 0 
7f2ac4021000-7f2ac8000000 ---p 00000000 00:00 0 
7f2ac8000000-7f2ac8021000 rw-p 00000000 00:00 0 
7f2ac8021000-7f2acc000000 ---p 00000000 00:00 0 
7f2acc008000-7f2acc011000 r--s 00000000 08:05 264799                     /usr/share/fonts/X11/Type1/c0632bt_.pfb
7f2acc011000-7f2acc021000 r--s 00000000 08:05 265501                     /usr/share/fonts/type1/gsfonts/a010013l.pfb
7f2acc021000-7f2acc038000 r--s 00000000 08:05 265570                     /usr/share/fonts/type1/gsfonts/n021023l.pfb
7f2acc038000-7f2acc043000 r--s 00000000 08:05 2622474                    /var/cache/fontconfig/945677eb7aeaf62f1d50efc3fb3ec7d8-le64.cache-6
7f2acc043000-7f2acc049000 r--s 00000000 08:05 2623932                    /var/cache/fontconfig/2cd17615ca594fa2959ae173292e504c-le64.cache-6
7f2acc049000-7f2acc04c000 ---p 00000000 00:00 0 
7f2acc04c000-7f2acc14a000 rw-p 00000000 00:00 0 
7f2acc14a000-7f2acc14f000 r-xp 00000000 08:05 2499834                    /usr/lib/x86_64-linux-gnu/libXfixes.so.3.1.0
7f2acc14f000-7f2acc34e000 ---p 00005000 08:05 2499834                    /usr/lib/x86_64-linux-gnu/libXfixes.so.3.1.0
7f2acc34e000-7f2acc34f000 r--p 00004000 08:05 2499834                    /usr/lib/x86_64-linux-gnu/libXfixes.so.3.1.0
7f2acc34f000-7f2acc350000 rw-p 00005000 08:05 2499834                    /usr/lib/x86_64-linux-gnu/libXfixes.so.3.1.0
7f2acc350000-7f2ad4000000 rw-p 00000000 00:00 0 
7f2ad4000000-7f2ad4021000 rw-p 00000000 00:00 0 
7f2ad4021000-7f2ad8000000 ---p 00000000 00:00 0 
7f2ad8000000-7f2ad8021000 rw-p 00000000 00:00 0 
7f2ad8021000-7f2adc000000 ---p 00000000 00:00 0 
7f2adc000000-7f2adc021000 rw-p 00000000 00:00 0 
7f2adc021000-7f2ae0000000 ---p 00000000 00:00 0 
7f2ae0000000-7f2ae0021000 rw-p 00000000 00:00 0 
7f2ae0021000-7f2ae4000000 ---p 00000000 00:00 0 
7f2ae4000000-7f2ae4021000 rw-p 00000000 00:00 0 
7f2ae4021000-7f2ae8000000 ---p 00000000 00:00 0 
7f2ae8000000-7f2ae8021000 rw-p 00000000 00:00 0 
7f2ae8021000-7f2aec000000 ---p 00000000 00:00 0 
7f2aec000000-7f2aec021000 rw-p 00000000 00:00 0 
7f2aec021000-7f2af0000000 ---p 00000000 00:00 0 
7f2af0001000-7f2af0002000 r--s 00000000 08:05 2623931                    /var/cache/fontconfig/0d8c3b2ac0904cb8a57a757ad11a4a08-le64.cache-6
7f2af0002000-7f2af0017000 r--s 00000000 08:05 2623930                    /var/cache/fontconfig/04aabc0a78ac019cf9454389977116d2-le64.cache-6
7f2af0017000-7f2af0018000 r--s 00000000 08:05 2623929                    /var/cache/fontconfig/1ac9eb803944fde146138c791f5cc56a-le64.cache-6
7f2af0018000-7f2af001c000 r--s 00000000 08:05 2623928                    /var/cache/fontconfig/385c0604a188198f04d133e54aba7fe7-le64.cache-6
7f2af001c000-7f2af001f000 r--s 00000000 08:05 2623926                    /var/cache/fontconfig/767a8244fc0220cfb567a839d0392e0b-le64.cache-6
7f2af001f000-7f2af0032000 r--s 00000000 08:05 2623918                    /var/cache/fontconfig/d52a8644073d54c13679302ca1180695-le64.cache-6
7f2af0032000-7f2af003d000 r--s 00000000 08:05 2623911                    /var/cache/fontconfig/83bf95040141907cd45bb53cf7c1c148-le64.cache-6
7f2af003d000-7f2af004f000 r--s 00000000 08:05 2622935                    /var/cache/fontconfig/9b89f8e3dae116d678bbf48e5f21f69b-le64.cache-6
7f2af004f000-7f2af0052000 ---p 00000000 00:00 0 
7f2af0052000-7f2af0150000 rw-p 00000000 00:00 0 
7f2af0150000-7f2af0159000 r-xp 00000000 08:05 2499826                    /usr/lib/x86_64-linux-gnu/libXcursor.so.1.0.2
7f2af0159000-7f2af0358000 ---p 00009000 08:05 2499826                    /usr/lib/x86_64-linux-gnu/libXcursor.so.1.0.2
7f2af0358000-7f2af0359000 r--p 00008000 08:05 2499826                    /usr/lib/x86_64-linux-gnu/libXcursor.so.1.0.2
7f2af0359000-7f2af035a000 rw-p 00009000 08:05 2499826                    /usr/lib/x86_64-linux-gnu/libXcursor.so.1.0.2
7f2af035a000-7f2af035d000 ---p 00000000 00:00 0 
7f2af035d000-7f2af045b000 rw-p 00000000 00:00 0 
7f2af045b000-7f2af0471000 r-xp 00000000 08:05 660526                     /lib/x86_64-linux-gnu/libgcc_s.so.1
7f2af0471000-7f2af0670000 ---p 00016000 08:05 660526                     /lib/x86_64-linux-gnu/libgcc_s.so.1
7f2af0670000-7f2af0671000 rw-p 00015000 08:05 660526                     /lib/x86_64-linux-gnu/libgcc_s.so.1
7f2af0671000-7f2af06d6000 r-xp 00000000 08:05 2515492                    /usr/lib/jvm/java-8-oracle/jre/lib/amd64/libfontmanager.so
7f2af06d6000-7f2af08d5000 ---p 00065000 08:05 2515492                    /usr/lib/jvm/java-8-oracle/jre/lib/amd64/libfontmanager.so
7f2af08d5000-7f2af08da000 rw-p 00064000 08:05 2515492                    /usr/lib/jvm/java-8-oracle/jre/lib/amd64/libfontmanager.so
7f2af08da000-7f2af08ea000 rw-p 00000000 00:00 0 
7f2af08ea000-7f2af08ef000 r-xp 00000000 08:05 2499830                    /usr/lib/x86_64-linux-gnu/libXdmcp.so.6.0.0
7f2af08ef000-7f2af0aee000 ---p 00005000 08:05 2499830                    /usr/lib/x86_64-linux-gnu/libXdmcp.so.6.0.0
7f2af0aee000-7f2af0aef000 r--p 00004000 08:05 2499830                    /usr/lib/x86_64-linux-gnu/libXdmcp.so.6.0.0
7f2af0aef000-7f2af0af0000 rw-p 00005000 08:05 2499830                    /usr/lib/x86_64-linux-gnu/libXdmcp.so.6.0.0
7f2af0af0000-7f2af0af2000 r-xp 00000000 08:05 2499819                    /usr/lib/x86_64-linux-gnu/libXau.so.6.0.0
7f2af0af2000-7f2af0cf2000 ---p 00002000 08:05 2499819                    /usr/lib/x86_64-linux-gnu/libXau.so.6.0.0
7f2af0cf2000-7f2af0cf3000 r--p 00002000 08:05 2499819                    /usr/lib/x86_64-linux-gnu/libXau.so.6.0.0
7f2af0cf3000-7f2af0cf4000 rw-p 00003000 08:05 2499819                    /usr/lib/x86_64-linux-gnu/libXau.so.6.0.0
7f2af0cf4000-7f2af0d15000 r-xp 00000000 08:05 2501197                    /usr/lib/x86_64-linux-gnu/libxcb.so.1.1.0
7f2af0d15000-7f2af0f14000 ---p 00021000 08:05 2501197                    /usr/lib/x86_64-linux-gnu/libxcb.so.1.1.0
7f2af0f14000-7f2af0f15000 r--p 00020000 08:05 2501197                    /usr/lib/x86_64-linux-gnu/libxcb.so.1.1.0
7f2af0f15000-7f2af0f16000 rw-p 00021000 08:05 2501197                    /usr/lib/x86_64-linux-gnu/libxcb.so.1.1.0
7f2af0f16000-7f2af0f25000 r-xp 00000000 08:05 2499840                    /usr/lib/x86_64-linux-gnu/libXi.so.6.1.0
7f2af0f25000-7f2af1124000 ---p 0000f000 08:05 2499840                    /usr/lib/x86_64-linux-gnu/libXi.so.6.1.0
7f2af1124000-7f2af1125000 r--p 0000e000 08:05 2499840                    /usr/lib/x86_64-linux-gnu/libXi.so.6.1.0
7f2af1125000-7f2af1126000 rw-p 0000f000 08:05 2499840                    /usr/lib/x86_64-linux-gnu/libXi.so.6.1.0
7f2af1126000-7f2af112b000 r-xp 00000000 08:05 2499858                    /usr/lib/x86_64-linux-gnu/libXtst.so.6.1.0
7f2af112b000-7f2af132a000 ---p 00005000 08:05 2499858                    /usr/lib/x86_64-linux-gnu/libXtst.so.6.1.0
7f2af132a000-7f2af132b000 r--p 00004000 08:05 2499858                    /usr/lib/x86_64-linux-gnu/libXtst.so.6.1.0
7f2af132b000-7f2af132c000 rw-p 00005000 08:05 2499858                    /usr/lib/x86_64-linux-gnu/libXtst.so.6.1.0
7f2af132c000-7f2af1335000 r-xp 00000000 08:05 2499852                    /usr/lib/x86_64-linux-gnu/libXrender.so.1.3.0
7f2af1335000-7f2af1534000 ---p 00009000 08:05 2499852                    /usr/lib/x86_64-linux-gnu/libXrender.so.1.3.0
7f2af1534000-7f2af1535000 r--p 00008000 08:05 2499852                    /usr/lib/x86_64-linux-gnu/libXrender.so.1.3.0
7f2af1535000-7f2af1536000 rw-p 00009000 08:05 2499852                    /usr/lib/x86_64-linux-gnu/libXrender.so.1.3.0
7f2af1536000-7f2af166b000 r-xp 00000000 08:05 2499815                    /usr/lib/x86_64-linux-gnu/libX11.so.6.3.0
7f2af166b000-7f2af186b000 ---p 00135000 08:05 2499815                    /usr/lib/x86_64-linux-gnu/libX11.so.6.3.0
7f2af186b000-7f2af186c000 r--p 00135000 08:05 2499815                    /usr/lib/x86_64-linux-gnu/libX11.so.6.3.0
7f2af186c000-7f2af1870000 rw-p 00136000 08:05 2499815                    /usr/lib/x86_64-linux-gnu/libX11.so.6.3.0
7f2af1870000-7f2af1881000 r-xp 00000000 08:05 2499832                    /usr/lib/x86_64-linux-gnu/libXext.so.6.4.0
7f2af1881000-7f2af1a80000 ---p 00011000 08:05 2499832                    /usr/lib/x86_64-linux-gnu/libXext.so.6.4.0
7f2af1a80000-7f2af1a81000 r--p 00010000 08:05 2499832                    /usr/lib/x86_64-linux-gnu/libXext.so.6.4.0
7f2af1a81000-7f2af1a82000 rw-p 00011000 08:05 2499832                    /usr/lib/x86_64-linux-gnu/libXext.so.6.4.0
7f2af1a82000-7f2af1a83000 r--s 00000000 08:05 2623927                    /var/cache/fontconfig/dc05db6664285cc2f12bf69c139ae4c3-le64.cache-6
7f2af1a83000-7f2af1a8a000 r--s 00000000 08:05 2623922                    /var/cache/fontconfig/3047814df9a2f067bd2d96a2b9c36e5a-le64.cache-6
7f2af1a8a000-7f2af1aa2000 r--s 00000000 08:05 265576                     /usr/share/fonts/type1/gsfonts/n022003l.pfb
7f2af1aa2000-7f2af1af6000 r-xp 00000000 08:05 2516853                    /usr/lib/jvm/java-8-oracle/jre/lib/amd64/libawt_xawt.so
7f2af1af6000-7f2af1cf6000 ---p 00054000 08:05 2516853                    /usr/lib/jvm/java-8-oracle/jre/lib/amd64/libawt_xawt.so
7f2af1cf6000-7f2af1cfa000 rw-p 00054000 08:05 2516853                    /usr/lib/jvm/java-8-oracle/jre/lib/amd64/libawt_xawt.so
7f2af1cfa000-7f2af1cfb000 rw-p 00000000 00:00 0 
7f2af1cfb000-7f2af1d9d000 r-xp 00000000 08:05 2516880                    /usr/lib/jvm/java-8-oracle/jre/lib/amd64/libawt.so
7f2af1d9d000-7f2af1f9d000 ---p 000a2000 08:05 2516880                    /usr/lib/jvm/java-8-oracle/jre/lib/amd64/libawt.so
7f2af1f9d000-7f2af1fa9000 rw-p 000a2000 08:05 2516880                    /usr/lib/jvm/java-8-oracle/jre/lib/amd64/libawt.so
7f2af1fa9000-7f2af1fcd000 rw-p 00000000 00:00 0 
7f2af1fcd000-7f2af1fe9000 r--s 00393000 08:05 2513875                    /usr/lib/jvm/java-8-oracle/jre/lib/ext/cldrdata.jar
7f2af1fe9000-7f2af1fea000 ---p 00000000 00:00 0 
7f2af1fea000-7f2af20ea000 rw-p 00000000 00:00 0 
7f2af20ea000-7f2af20ed000 ---p 00000000 00:00 0 
7f2af20ed000-7f2af21eb000 rw-p 00000000 00:00 0 
7f2af21eb000-7f2af21ee000 ---p 00000000 00:00 0 
7f2af21ee000-7f2af22ec000 rw-p 00000000 00:00 0 
7f2af22ec000-7f2af22ef000 ---p 00000000 00:00 0 
7f2af22ef000-7f2af23ed000 rw-p 00000000 00:00 0 
7f2af23ed000-7f2af23f0000 ---p 00000000 00:00 0 
7f2af23f0000-7f2af24ee000 rw-p 00000000 00:00 0 
7f2af24ee000-7f2af24f1000 ---p 00000000 00:00 0 
7f2af24f1000-7f2af25ef000 rw-p 00000000 00:00 0 
7f2af25ef000-7f2af25f2000 ---p 00000000 00:00 0 
7f2af25f2000-7f2af26f0000 rw-p 00000000 00:00 0 
7f2af26f0000-7f2af29c9000 r--p 00000000 08:05 2521102                    /usr/lib/locale/locale-archive
7f2af29c9000-7f2af29cc000 ---p 00000000 00:00 0 
7f2af29cc000-7f2af2aca000 rw-p 00000000 00:00 0 
7f2af2aca000-7f2af2acd000 ---p 00000000 00:00 0 
7f2af2acd000-7f2af2bcb000 rw-p 00000000 00:00 0 
7f2af2bcb000-7f2af2bcc000 ---p 00000000 00:00 0 
7f2af2bcc000-7f2af4000000 rw-p 00000000 00:00 0 
7f2af4000000-7f2af4021000 rw-p 00000000 00:00 0 
7f2af4021000-7f2af8000000 ---p 00000000 00:00 0 
7f2af8000000-7f2af8005000 r--s 00000000 08:05 2623924                    /var/cache/fontconfig/8801497958630a81b71ace7c5f9b32a8-le64.cache-6
7f2af8005000-7f2af8012000 r--s 00000000 08:05 2622809                    /var/cache/fontconfig/e13b20fdb08344e0e664864cc2ede53d-le64.cache-6
7f2af8012000-7f2af9000000 rw-p 00000000 00:00 0 
7f2af9000000-7f2af9580000 rwxp 00000000 00:00 0 
7f2af9580000-7f2b08000000 ---p 00000000 00:00 0 
7f2b08000000-7f2b08628000 rw-p 00000000 00:00 0 
7f2b08628000-7f2b0c000000 ---p 00000000 00:00 0 
7f2b0c000000-7f2b0c001000 r--s 00000000 08:05 2623925                    /var/cache/fontconfig/4794a0821666d79190d59a36cb4f44b5-le64.cache-6
7f2b0c001000-7f2b0c002000 r--s 00000000 08:05 2623923                    /var/cache/fontconfig/bab58bb527bb656aaa9f116d68a48d89-le64.cache-6
7f2b0c002000-7f2b0c008000 r--s 00000000 08:05 2623919                    /var/cache/fontconfig/b47c4e1ecd0709278f4910c18777a504-le64.cache-6
7f2b0c008000-7f2b0c012000 r--s 00116000 08:05 2513872                    /usr/lib/jvm/java-8-oracle/jre/lib/ext/localedata.jar
7f2b0c012000-7f2b0c183000 rw-p 00000000 00:00 0 
7f2b0c183000-7f2b0c35d000 r--s 03d4d000 08:05 2515461                    /usr/lib/jvm/java-8-oracle/jre/lib/rt.jar
7f2b0c35d000-7f2b0cb9e000 rw-p 00000000 00:00 0 
7f2b0cb9e000-7f2b0cb9f000 ---p 00000000 00:00 0 
7f2b0cb9f000-7f2b0cc9f000 rw-p 00000000 00:00 0 
7f2b0cc9f000-7f2b0cca0000 ---p 00000000 00:00 0 
7f2b0cca0000-7f2b0cda0000 rw-p 00000000 00:00 0 
7f2b0cda0000-7f2b0cda1000 ---p 00000000 00:00 0 
7f2b0cda1000-7f2b0cea1000 rw-p 00000000 00:00 0 
7f2b0cea1000-7f2b0cea2000 ---p 00000000 00:00 0 
7f2b0cea2000-7f2b0cfa2000 rw-p 00000000 00:00 0 
7f2b0cfa2000-7f2b0cfa3000 ---p 00000000 00:00 0 
7f2b0cfa3000-7f2b0d0a3000 rw-p 00000000 00:00 0 
7f2b0d0a3000-7f2b0d0a4000 ---p 00000000 00:00 0 
7f2b0d0a4000-7f2b0d1a4000 rw-p 00000000 00:00 0 
7f2b0d1a4000-7f2b0d1a5000 ---p 00000000 00:00 0 
7f2b0d1a5000-7f2b0d2a5000 rw-p 00000000 00:00 0 
7f2b0d2a5000-7f2b0d2a6000 ---p 00000000 00:00 0 
7f2b0d2a6000-7f2b0d3fa000 rw-p 00000000 00:00 0 
7f2b0d3fa000-7f2b0d8d8000 ---p 00000000 00:00 0 
7f2b0d8d8000-7f2b0d92c000 rw-p 00000000 00:00 0 
7f2b0d92c000-7f2b0de0a000 ---p 00000000 00:00 0 
7f2b0de0a000-7f2b0de34000 rw-p 00000000 00:00 0 
7f2b0de34000-7f2b0e0a3000 ---p 00000000 00:00 0 
7f2b0e0a3000-7f2b0e0ba000 rw-p 00000000 00:00 0 
7f2b0e0ba000-7f2b0e464000 ---p 00000000 00:00 0 
7f2b0e464000-7f2b0e47e000 r-xp 00000000 08:05 2516849                    /usr/lib/jvm/java-8-oracle/jre/lib/amd64/libzip.so
7f2b0e47e000-7f2b0e67e000 ---p 0001a000 08:05 2516849                    /usr/lib/jvm/java-8-oracle/jre/lib/amd64/libzip.so
7f2b0e67e000-7f2b0e67f000 rw-p 0001a000 08:05 2516849                    /usr/lib/jvm/java-8-oracle/jre/lib/amd64/libzip.so
7f2b0e67f000-7f2b0e68a000 r-xp 00000000 08:05 667845                     /lib/x86_64-linux-gnu/libnss_files-2.23.so
7f2b0e68a000-7f2b0e889000 ---p 0000b000 08:05 667845                     /lib/x86_64-linux-gnu/libnss_files-2.23.so
7f2b0e889000-7f2b0e88a000 r--p 0000a000 08:05 667845                     /lib/x86_64-linux-gnu/libnss_files-2.23.so
7f2b0e88a000-7f2b0e88b000 rw-p 0000b000 08:05 667845                     /lib/x86_64-linux-gnu/libnss_files-2.23.so
7f2b0e88b000-7f2b0e891000 rw-p 00000000 00:00 0 
7f2b0e891000-7f2b0e89c000 r-xp 00000000 08:05 668104                     /lib/x86_64-linux-gnu/libnss_nis-2.23.so
7f2b0e89c000-7f2b0ea9b000 ---p 0000b000 08:05 668104                     /lib/x86_64-linux-gnu/libnss_nis-2.23.so
7f2b0ea9b000-7f2b0ea9c000 r--p 0000a000 08:05 668104                     /lib/x86_64-linux-gnu/libnss_nis-2.23.so
7f2b0ea9c000-7f2b0ea9d000 rw-p 0000b000 08:05 668104                     /lib/x86_64-linux-gnu/libnss_nis-2.23.so
7f2b0ea9d000-7f2b0eab3000 r-xp 00000000 08:05 660643                     /lib/x86_64-linux-gnu/libnsl-2.23.so
7f2b0eab3000-7f2b0ecb2000 ---p 00016000 08:05 660643                     /lib/x86_64-linux-gnu/libnsl-2.23.so
7f2b0ecb2000-7f2b0ecb3000 r--p 00015000 08:05 660643                     /lib/x86_64-linux-gnu/libnsl-2.23.so
7f2b0ecb3000-7f2b0ecb4000 rw-p 00016000 08:05 660643                     /lib/x86_64-linux-gnu/libnsl-2.23.so
7f2b0ecb4000-7f2b0ecb6000 rw-p 00000000 00:00 0 
7f2b0ecb6000-7f2b0ecbe000 r-xp 00000000 08:05 668254                     /lib/x86_64-linux-gnu/libnss_compat-2.23.so
7f2b0ecbe000-7f2b0eebd000 ---p 00008000 08:05 668254                     /lib/x86_64-linux-gnu/libnss_compat-2.23.so
7f2b0eebd000-7f2b0eebe000 r--p 00007000 08:05 668254                     /lib/x86_64-linux-gnu/libnss_compat-2.23.so
7f2b0eebe000-7f2b0eebf000 rw-p 00008000 08:05 668254                     /lib/x86_64-linux-gnu/libnss_compat-2.23.so
7f2b0eebf000-7f2b0eeea000 r-xp 00000000 08:05 2516874                    /usr/lib/jvm/java-8-oracle/jre/lib/amd64/libjava.so
7f2b0eeea000-7f2b0f0e9000 ---p 0002b000 08:05 2516874                    /usr/lib/jvm/java-8-oracle/jre/lib/amd64/libjava.so
7f2b0f0e9000-7f2b0f0eb000 rw-p 0002a000 08:05 2516874                    /usr/lib/jvm/java-8-oracle/jre/lib/amd64/libjava.so
7f2b0f0eb000-7f2b0f0f8000 r-xp 00000000 08:05 2515474                    /usr/lib/jvm/java-8-oracle/jre/lib/amd64/libverify.so
7f2b0f0f8000-7f2b0f2f8000 ---p 0000d000 08:05 2515474                    /usr/lib/jvm/java-8-oracle/jre/lib/amd64/libverify.so
7f2b0f2f8000-7f2b0f2fa000 rw-p 0000d000 08:05 2515474                    /usr/lib/jvm/java-8-oracle/jre/lib/amd64/libverify.so
7f2b0f2fa000-7f2b0f301000 r-xp 00000000 08:05 668111                     /lib/x86_64-linux-gnu/librt-2.23.so
7f2b0f301000-7f2b0f500000 ---p 00007000 08:05 668111                     /lib/x86_64-linux-gnu/librt-2.23.so
7f2b0f500000-7f2b0f501000 r--p 00006000 08:05 668111                     /lib/x86_64-linux-gnu/librt-2.23.so
7f2b0f501000-7f2b0f502000 rw-p 00007000 08:05 668111                     /lib/x86_64-linux-gnu/librt-2.23.so
7f2b0f502000-7f2b0f60a000 r-xp 00000000 08:05 668259                     /lib/x86_64-linux-gnu/libm-2.23.so
7f2b0f60a000-7f2b0f809000 ---p 00108000 08:05 668259                     /lib/x86_64-linux-gnu/libm-2.23.so
7f2b0f809000-7f2b0f80a000 r--p 00107000 08:05 668259                     /lib/x86_64-linux-gnu/libm-2.23.so
7f2b0f80a000-7f2b0f80b000 rw-p 00108000 08:05 668259                     /lib/x86_64-linux-gnu/libm-2.23.so
7f2b0f80b000-7f2b104de000 r-xp 00000000 08:05 2515465                    /usr/lib/jvm/java-8-oracle/jre/lib/amd64/server/libjvm.so
7f2b104de000-7f2b106dd000 ---p 00cd3000 08:05 2515465                    /usr/lib/jvm/java-8-oracle/jre/lib/amd64/server/libjvm.so
7f2b106dd000-7f2b107b7000 rw-p 00cd2000 08:05 2515465                    /usr/lib/jvm/java-8-oracle/jre/lib/amd64/server/libjvm.so
7f2b107b7000-7f2b10802000 rw-p 00000000 00:00 0 
7f2b10802000-7f2b109c2000 r-xp 00000000 08:05 668264                     /lib/x86_64-linux-gnu/libc-2.23.so
7f2b109c2000-7f2b10bc2000 ---p 001c0000 08:05 668264                     /lib/x86_64-linux-gnu/libc-2.23.so
7f2b10bc2000-7f2b10bc6000 r--p 001c0000 08:05 668264                     /lib/x86_64-linux-gnu/libc-2.23.so
7f2b10bc6000-7f2b10bc8000 rw-p 001c4000 08:05 668264                     /lib/x86_64-linux-gnu/libc-2.23.so
7f2b10bc8000-7f2b10bcc000 rw-p 00000000 00:00 0 
7f2b10bcc000-7f2b10bcf000 r-xp 00000000 08:05 668253                     /lib/x86_64-linux-gnu/libdl-2.23.so
7f2b10bcf000-7f2b10dce000 ---p 00003000 08:05 668253                     /lib/x86_64-linux-gnu/libdl-2.23.so
7f2b10dce000-7f2b10dcf000 r--p 00002000 08:05 668253                     /lib/x86_64-linux-gnu/libdl-2.23.so
7f2b10dcf000-7f2b10dd0000 rw-p 00003000 08:05 668253                     /lib/x86_64-linux-gnu/libdl-2.23.so
7f2b10dd0000-7f2b10de5000 r-xp 00000000 08:05 2516883                    /usr/lib/jvm/java-8-oracle/jre/lib/amd64/jli/libjli.so
7f2b10de5000-7f2b10fe5000 ---p 00015000 08:05 2516883                    /usr/lib/jvm/java-8-oracle/jre/lib/amd64/jli/libjli.so
7f2b10fe5000-7f2b10fe6000 rw-p 00015000 08:05 2516883                    /usr/lib/jvm/java-8-oracle/jre/lib/amd64/jli/libjli.so
7f2b10fe6000-7f2b10ffe000 r-xp 00000000 08:05 667964                     /lib/x86_64-linux-gnu/libpthread-2.23.so
7f2b10ffe000-7f2b111fd000 ---p 00018000 08:05 667964                     /lib/x86_64-linux-gnu/libpthread-2.23.so
7f2b111fd000-7f2b111fe000 r--p 00017000 08:05 667964                     /lib/x86_64-linux-gnu/libpthread-2.23.so
7f2b111fe000-7f2b111ff000 rw-p 00018000 08:05 667964                     /lib/x86_64-linux-gnu/libpthread-2.23.so
7f2b111ff000-7f2b11203000 rw-p 00000000 00:00 0 
7f2b11203000-7f2b11229000 r-xp 00000000 08:05 667839                     /lib/x86_64-linux-gnu/ld-2.23.so
7f2b11229000-7f2b1122a000 r--s 00000000 08:05 2623921                    /var/cache/fontconfig/56cf4f4769d0f4abc89a4895d7bd3ae1-le64.cache-6
7f2b1122a000-7f2b1122b000 r--s 00000000 08:05 2623920                    /var/cache/fontconfig/b9d506c9ac06c20b433354fa67a72993-le64.cache-6
7f2b1122b000-7f2b1122c000 r--s 00000000 08:05 2623917                    /var/cache/fontconfig/551ecf3b0e8b0bca0f25c0944f561853-le64.cache-6
7f2b1122c000-7f2b11230000 r--s 00000000 08:05 2623916                    /var/cache/fontconfig/d589a48862398ed80a3d6066f4f56f4c-le64.cache-6
7f2b11230000-7f2b11301000 rw-p 00000000 00:00 0 
7f2b11301000-7f2b11304000 ---p 00000000 00:00 0 
7f2b11304000-7f2b11406000 rw-p 00000000 00:00 0 
7f2b11406000-7f2b11407000 r--s 00000000 08:05 2623915                    /var/cache/fontconfig/30829fa25452a46451e813d634d7f916-le64.cache-6
7f2b11407000-7f2b11408000 r--s 00000000 08:05 2623914                    /var/cache/fontconfig/0c9eb80ebd1c36541ebe2852d3bb0c49-le64.cache-6
7f2b11408000-7f2b1140b000 r--s 00000000 08:05 2623912                    /var/cache/fontconfig/75114ca45c98e8a441da0ff356701271-le64.cache-6
7f2b1140b000-7f2b1140f000 r--s 00000000 08:05 2623220                    /var/cache/fontconfig/7ef2298fde41cc6eeb7af42e48b7d293-le64.cache-6
7f2b1140f000-7f2b1141c000 r--s 000e5000 08:05 1442703                    /home/miguel/Dropbox/FEUP/1oSemestre/AIAD/Jason/libs/jason-2.2.jar
7f2b1141c000-7f2b11424000 rw-s 00000000 08:05 2228591                    /tmp/hsperfdata_miguel/13718
7f2b11424000-7f2b11425000 rw-p 00000000 00:00 0 
7f2b11425000-7f2b11426000 r--p 00000000 00:00 0 
7f2b11426000-7f2b11428000 rw-p 00000000 00:00 0 
7f2b11428000-7f2b11429000 r--p 00025000 08:05 667839                     /lib/x86_64-linux-gnu/ld-2.23.so
7f2b11429000-7f2b1142a000 rw-p 00026000 08:05 667839                     /lib/x86_64-linux-gnu/ld-2.23.so
7f2b1142a000-7f2b1142b000 rw-p 00000000 00:00 0 
7fffda6db000-7fffda6fc000 rw-p 00000000 00:00 0                          [stack]
7fffda7df000-7fffda7e1000 r--p 00000000 00:00 0                          [vvar]
7fffda7e1000-7fffda7e3000 r-xp 00000000 00:00 0                          [vdso]
ffffffffff600000-ffffffffff601000 r-xp 00000000 00:00 0                  [vsyscall]

VM Arguments:
java_command: jason.infra.centralised.RunCentralisedMAS goldMiners.mas2j -debug
java_class_path (initial): /home/miguel/Documents/eclipse-workspace/goldMiners:/home/miguel/Documents/eclipse-workspace/goldMiners/bin/classes:/home/miguel/Dropbox/FEUP/1oSemestre/AIAD/Jason/libs/jason-2.2.jar
Launcher Type: SUN_STANDARD

Environment Variables:
JAVA_HOME=/usr/lib/jvm/java-8-oracle
PATH=/home/miguel/bin:/home/miguel/.local/bin:/usr/local/sbin:/usr/local/bin:/usr/sbin:/usr/bin:/sbin:/bin:/usr/games:/usr/local/games:/snap/bin:/usr/lib/jvm/java-8-oracle/bin:/usr/lib/jvm/java-8-oracle/db/bin:/usr/lib/jvm/java-8-oracle/jre/bin
SHELL=/bin/bash
DISPLAY=:0

Signal Handlers:
SIGSEGV: [libjvm.so+0xacba10], sa_mask[0]=11111111011111111101111111111110, sa_flags=SA_RESTART|SA_SIGINFO
SIGBUS: [libjvm.so+0xacba10], sa_mask[0]=11111111011111111101111111111110, sa_flags=SA_RESTART|SA_SIGINFO
SIGFPE: [libjvm.so+0x924ba0], sa_mask[0]=11111111011111111101111111111110, sa_flags=SA_RESTART|SA_SIGINFO
SIGPIPE: [libjvm.so+0x924ba0], sa_mask[0]=11111111011111111101111111111110, sa_flags=SA_RESTART|SA_SIGINFO
SIGXFSZ: [libjvm.so+0x924ba0], sa_mask[0]=11111111011111111101111111111110, sa_flags=SA_RESTART|SA_SIGINFO
SIGILL: [libjvm.so+0x924ba0], sa_mask[0]=11111111011111111101111111111110, sa_flags=SA_RESTART|SA_SIGINFO
SIGUSR1: SIG_DFL, sa_mask[0]=00000000000000000000000000000000, sa_flags=none
SIGUSR2: [libjvm.so+0x9263e0], sa_mask[0]=00100000000000000000000000000000, sa_flags=SA_RESTART|SA_SIGINFO
SIGHUP: [libjvm.so+0x9277e0], sa_mask[0]=11111111011111111101111111111110, sa_flags=SA_RESTART|SA_SIGINFO
SIGINT: [libjvm.so+0x9277e0], sa_mask[0]=11111111011111111101111111111110, sa_flags=SA_RESTART|SA_SIGINFO
SIGTERM: [libjvm.so+0x9277e0], sa_mask[0]=11111111011111111101111111111110, sa_flags=SA_RESTART|SA_SIGINFO
SIGQUIT: [libjvm.so+0x9277e0], sa_mask[0]=11111111011111111101111111111110, sa_flags=SA_RESTART|SA_SIGINFO


---------------  S Y S T E M  ---------------

OS:DISTRIB_ID=Ubuntu
DISTRIB_RELEASE=16.04
DISTRIB_CODENAME=xenial
DISTRIB_DESCRIPTION="Ubuntu 16.04.3 LTS"

uname:Linux 4.4.0-96-generic #119-Ubuntu SMP Tue Sep 12 14:59:54 UTC 2017 x86_64
libc:glibc 2.23 NPTL 2.23 
rlimit: STACK 8192k, CORE 0k, NPROC 63680, NOFILE 1048576, AS infinity
load average:0,40 0,63 0,60

/proc/meminfo:
MemTotal:       16342208 kB
MemFree:         9086612 kB
MemAvailable:   13143028 kB
Buffers:         2445544 kB
Cached:          1718456 kB
SwapCached:            0 kB
Active:          4426624 kB
Inactive:        2355852 kB
Active(anon):    2622108 kB
Inactive(anon):    20152 kB
Active(file):    1804516 kB
Inactive(file):  2335700 kB
Unevictable:          32 kB
Mlocked:              32 kB
SwapTotal:      16685052 kB
SwapFree:       16685052 kB
Dirty:               300 kB
Writeback:             0 kB
AnonPages:       2617380 kB
Mapped:           255544 kB
Shmem:             23332 kB
Slab:             305596 kB
SReclaimable:     253500 kB
SUnreclaim:        52096 kB
KernelStack:       16608 kB
PageTables:        28124 kB
NFS_Unstable:          0 kB
Bounce:                0 kB
WritebackTmp:          0 kB
CommitLimit:    24856156 kB
Committed_AS:   11801232 kB
VmallocTotal:   34359738367 kB
VmallocUsed:           0 kB
VmallocChunk:          0 kB
HardwareCorrupted:     0 kB
AnonHugePages:   2226176 kB
CmaTotal:              0 kB
CmaFree:               0 kB
HugePages_Total:       0
HugePages_Free:        0
HugePages_Rsvd:        0
HugePages_Surp:        0
Hugepagesize:       2048 kB
DirectMap4k:     1083680 kB
DirectMap2M:    13506560 kB
DirectMap1G:     2097152 kB


CPU:total 8 (initial active 8) (4 cores per cpu, 2 threads per core) family 6 model 60 stepping 3, cmov, cx8, fxsr, mmx, sse, sse2, sse3, ssse3, sse4.1, sse4.2, popcnt, avx, avx2, aes, clmul, erms, lzcnt, ht, tsc, tscinvbit, bmi1, bmi2

/proc/cpuinfo:
processor	: 0
vendor_id	: GenuineIntel
cpu family	: 6
model		: 60
model name	: Intel(R) Core(TM) i7-4700MQ CPU @ 2.40GHz
stepping	: 3
microcode	: 0x16
cpu MHz		: 2516.531
cache size	: 6144 KB
physical id	: 0
siblings	: 8
core id		: 0
cpu cores	: 4
apicid		: 0
initial apicid	: 0
fpu		: yes
fpu_exception	: yes
cpuid level	: 13
wp		: yes
flags		: fpu vme de pse tsc msr pae mce cx8 apic sep mtrr pge mca cmov pat pse36 clflush dts acpi mmx fxsr sse sse2 ss ht tm pbe syscall nx pdpe1gb rdtscp lm constant_tsc arch_perfmon pebs bts rep_good nopl xtopology nonstop_tsc aperfmperf eagerfpu pni pclmulqdq dtes64 monitor ds_cpl vmx est tm2 ssse3 sdbg fma cx16 xtpr pdcm pcid sse4_1 sse4_2 movbe popcnt tsc_deadline_timer aes xsave avx f16c rdrand lahf_lm abm epb tpr_shadow vnmi flexpriority ept vpid fsgsbase tsc_adjust bmi1 avx2 smep bmi2 erms invpcid xsaveopt dtherm ida arat pln pts
bugs		:
bogomips	: 4788.43
clflush size	: 64
cache_alignment	: 64
address sizes	: 39 bits physical, 48 bits virtual
power management:

processor	: 1
vendor_id	: GenuineIntel
cpu family	: 6
model		: 60
model name	: Intel(R) Core(TM) i7-4700MQ CPU @ 2.40GHz
stepping	: 3
microcode	: 0x16
cpu MHz		: 2514.750
cache size	: 6144 KB
physical id	: 0
siblings	: 8
core id		: 1
cpu cores	: 4
apicid		: 2
initial apicid	: 2
fpu		: yes
fpu_exception	: yes
cpuid level	: 13
wp		: yes
flags		: fpu vme de pse tsc msr pae mce cx8 apic sep mtrr pge mca cmov pat pse36 clflush dts acpi mmx fxsr sse sse2 ss ht tm pbe syscall nx pdpe1gb rdtscp lm constant_tsc arch_perfmon pebs bts rep_good nopl xtopology nonstop_tsc aperfmperf eagerfpu pni pclmulqdq dtes64 monitor ds_cpl vmx est tm2 ssse3 sdbg fma cx16 xtpr pdcm pcid sse4_1 sse4_2 movbe popcnt tsc_deadline_timer aes xsave avx f16c rdrand lahf_lm abm epb tpr_shadow vnmi flexpriority ept vpid fsgsbase tsc_adjust bmi1 avx2 smep bmi2 erms invpcid xsaveopt dtherm ida arat pln pts
bugs		:
bogomips	: 4788.43
clflush size	: 64
cache_alignment	: 64
address sizes	: 39 bits physical, 48 bits virtual
power management:

processor	: 2
vendor_id	: GenuineIntel
cpu family	: 6
model		: 60
model name	: Intel(R) Core(TM) i7-4700MQ CPU @ 2.40GHz
stepping	: 3
microcode	: 0x16
cpu MHz		: 2516.906
cache size	: 6144 KB
physical id	: 0
siblings	: 8
core id		: 2
cpu cores	: 4
apicid		: 4
initial apicid	: 4
fpu		: yes
fpu_exception	: yes
cpuid level	: 13
wp		: yes
flags		: fpu vme de pse tsc msr pae mce cx8 apic sep mtrr pge mca cmov pat pse36 clflush dts acpi mmx fxsr sse sse2 ss ht tm pbe syscall nx pdpe1gb rdtscp lm constant_tsc arch_perfmon pebs bts rep_good nopl xtopology nonstop_tsc aperfmperf eagerfpu pni pclmulqdq dtes64 monitor ds_cpl vmx est tm2 ssse3 sdbg fma cx16 xtpr pdcm pcid sse4_1 sse4_2 movbe popcnt tsc_deadline_timer aes xsave avx f16c rdrand lahf_lm abm epb tpr_shadow vnmi flexpriority ept vpid fsgsbase tsc_adjust bmi1 avx2 smep bmi2 erms invpcid xsaveopt dtherm ida arat pln pts
bugs		:
bogomips	: 4788.43
clflush size	: 64
cache_alignment	: 64
address sizes	: 39 bits physical, 48 bits virtual
power management:

processor	: 3
vendor_id	: GenuineIntel
cpu family	: 6
model		: 60
model name	: Intel(R) Core(TM) i7-4700MQ CPU @ 2.40GHz
stepping	: 3
microcode	: 0x16
cpu MHz		: 2508.375
cache size	: 6144 KB
physical id	: 0
siblings	: 8
core id		: 3
cpu cores	: 4
apicid		: 6
initial apicid	: 6
fpu		: yes
fpu_exception	: yes
cpuid level	: 13
wp		: yes
flags		: fpu vme de pse tsc msr pae mce cx8 apic sep mtrr pge mca cmov pat pse36 clflush dts acpi mmx fxsr sse sse2 ss ht tm pbe syscall nx pdpe1gb rdtscp lm constant_tsc arch_perfmon pebs bts rep_good nopl xtopology nonstop_tsc aperfmperf eagerfpu pni pclmulqdq dtes64 monitor ds_cpl vmx est tm2 ssse3 sdbg fma cx16 xtpr pdcm pcid sse4_1 sse4_2 movbe popcnt tsc_deadline_timer aes xsave avx f16c rdrand lahf_lm abm epb tpr_shadow vnmi flexpriority ept vpid fsgsbase tsc_adjust bmi1 avx2 smep bmi2 erms invpcid xsaveopt dtherm ida arat pln pts
bugs		:
bogomips	: 4788.43
clflush size	: 64
cache_alignment	: 64
address sizes	: 39 bits physical, 48 bits virtual
power management:

processor	: 4
vendor_id	: GenuineIntel
cpu family	: 6
model		: 60
model name	: Intel(R) Core(TM) i7-4700MQ CPU @ 2.40GHz
stepping	: 3
microcode	: 0x16
cpu MHz		: 2516.531
cache size	: 6144 KB
physical id	: 0
siblings	: 8
core id		: 0
cpu cores	: 4
apicid		: 1
initial apicid	: 1
fpu		: yes
fpu_exception	: yes
cpuid level	: 13
wp		: yes
flags		: fpu vme de pse tsc msr pae mce cx8 apic sep mtrr pge mca cmov pat pse36 clflush dts acpi mmx fxsr sse sse2 ss ht tm pbe syscall nx pdpe1gb rdtscp lm constant_tsc arch_perfmon pebs bts rep_good nopl xtopology nonstop_tsc aperfmperf eagerfpu pni pclmulqdq dtes64 monitor ds_cpl vmx est tm2 ssse3 sdbg fma cx16 xtpr pdcm pcid sse4_1 sse4_2 movbe popcnt tsc_deadline_timer aes xsave avx f16c rdrand lahf_lm abm epb tpr_shadow vnmi flexpriority ept vpid fsgsbase tsc_adjust bmi1 avx2 smep bmi2 erms invpcid xsaveopt dtherm ida arat pln pts
bugs		:
bogomips	: 4788.43
clflush size	: 64
cache_alignment	: 64
address sizes	: 39 bits physical, 48 bits virtual
power management:

processor	: 5
vendor_id	: GenuineIntel
cpu family	: 6
model		: 60
model name	: Intel(R) Core(TM) i7-4700MQ CPU @ 2.40GHz
stepping	: 3
microcode	: 0x16
cpu MHz		: 2513.718
cache size	: 6144 KB
physical id	: 0
siblings	: 8
core id		: 1
cpu cores	: 4
apicid		: 3
initial apicid	: 3
fpu		: yes
fpu_exception	: yes
cpuid level	: 13
wp		: yes
flags		: fpu vme de pse tsc msr pae mce cx8 apic sep mtrr pge mca cmov pat pse36 clflush dts acpi mmx fxsr sse sse2 ss ht tm pbe syscall nx pdpe1gb rdtscp lm constant_tsc arch_perfmon pebs bts rep_good nopl xtopology nonstop_tsc aperfmperf eagerfpu pni pclmulqdq dtes64 monitor ds_cpl vmx est tm2 ssse3 sdbg fma cx16 xtpr pdcm pcid sse4_1 sse4_2 movbe popcnt tsc_deadline_timer aes xsave avx f16c rdrand lahf_lm abm epb tpr_shadow vnmi flexpriority ept vpid fsgsbase tsc_adjust bmi1 avx2 smep bmi2 erms invpcid xsaveopt dtherm ida arat pln pts
bugs		:
bogomips	: 4788.43
clflush size	: 64
cache_alignment	: 64
address sizes	: 39 bits physical, 48 bits virtual
power management:

processor	: 6
vendor_id	: GenuineIntel
cpu family	: 6
model		: 60
model name	: Intel(R) Core(TM) i7-4700MQ CPU @ 2.40GHz
stepping	: 3
microcode	: 0x16
cpu MHz		: 2513.718
cache size	: 6144 KB
physical id	: 0
siblings	: 8
core id		: 2
cpu cores	: 4
apicid		: 5
initial apicid	: 5
fpu		: yes
fpu_exception	: yes
cpuid level	: 13
wp		: yes
flags		: fpu vme de pse tsc msr pae mce cx8 apic sep mtrr pge mca cmov pat pse36 clflush dts acpi mmx fxsr sse sse2 ss ht tm pbe syscall nx pdpe1gb rdtscp lm constant_tsc arch_perfmon pebs bts rep_good nopl xtopology nonstop_tsc aperfmperf eagerfpu pni pclmulqdq dtes64 monitor ds_cpl vmx est tm2 ssse3 sdbg fma cx16 xtpr pdcm pcid sse4_1 sse4_2 movbe popcnt tsc_deadline_timer aes xsave avx f16c rdrand lahf_lm abm epb tpr_shadow vnmi flexpriority ept vpid fsgsbase tsc_adjust bmi1 avx2 smep bmi2 erms invpcid xsaveopt dtherm ida arat pln pts
bugs		:
bogomips	: 4788.43
clflush size	: 64
cache_alignment	: 64
address sizes	: 39 bits physical, 48 bits virtual
power management:

processor	: 7
vendor_id	: GenuineIntel
cpu family	: 6
model		: 60
model name	: Intel(R) Core(TM) i7-4700MQ CPU @ 2.40GHz
stepping	: 3
microcode	: 0x16
cpu MHz		: 2501.062
cache size	: 6144 KB
physical id	: 0
siblings	: 8
core id		: 3
cpu cores	: 4
apicid		: 7
initial apicid	: 7
fpu		: yes
fpu_exception	: yes
cpuid level	: 13
wp		: yes
flags		: fpu vme de pse tsc msr pae mce cx8 apic sep mtrr pge mca cmov pat pse36 clflush dts acpi mmx fxsr sse sse2 ss ht tm pbe syscall nx pdpe1gb rdtscp lm constant_tsc arch_perfmon pebs bts rep_good nopl xtopology nonstop_tsc aperfmperf eagerfpu pni pclmulqdq dtes64 monitor ds_cpl vmx est tm2 ssse3 sdbg fma cx16 xtpr pdcm pcid sse4_1 sse4_2 movbe popcnt tsc_deadline_timer aes xsave avx f16c rdrand lahf_lm abm epb tpr_shadow vnmi flexpriority ept vpid fsgsbase tsc_adjust bmi1 avx2 smep bmi2 erms invpcid xsaveopt dtherm ida arat pln pts
bugs		:
bogomips	: 4788.43
clflush size	: 64
cache_alignment	: 64
address sizes	: 39 bits physical, 48 bits virtual
power management:



Memory: 4k page, physical 16342208k(9084324k free), swap 16685052k(16685052k free)

vm_info: Java HotSpot(TM) 64-Bit Server VM (25.144-b01) for linux-amd64 JRE (1.8.0_144-b01), built on Jul 21 2017 21:57:33 by "java_re" with gcc 4.3.0 20080428 (Red Hat 4.3.0-8)

time: Tue Oct 10 19:55:28 2017
elapsed time: 2478 seconds (0d 0h 41m 18s)

